#-----------------------------------------------------------
# Vivado v2019.2 (64-bit)
# SW Build 2708876 on Wed Nov  6 21:40:23 MST 2019
# IP Build 2700528 on Thu Nov  7 00:09:20 MST 2019
# Start of session at: Sat Aug  5 15:21:41 2023
# Process ID: 5648
# Current directory: E:/LONGXIN/nscscc2023_mips_v2.0/fpga_template_mips_utf8_v1.0
# Command line: vivado.exe -gui_launcher_event rodinguilauncherevent34040 E:\LONGXIN\nscscc2023_mips_v2.0\fpga_template_mips_utf8_v1.0\thinpad_top.xpr
# Log file: E:/LONGXIN/nscscc2023_mips_v2.0/fpga_template_mips_utf8_v1.0/vivado.log
# Journal file: E:/LONGXIN/nscscc2023_mips_v2.0/fpga_template_mips_utf8_v1.0\vivado.jou
#-----------------------------------------------------------
start_gui
open_project E:/LONGXIN/nscscc2023_mips_v2.0/fpga_template_mips_utf8_v1.0/thinpad_top.xpr
CRITICAL WARNING: [Project 1-19] Could not find the file 'E:/LONGXIN/nscscc2023_mips_v2.0/fpga_template_mips_utf8_v1.0/thinpad_top.srcs/sources_1/openmips/defines.v'.
CRITICAL WARNING: [Project 1-19] Could not find the file 'E:/LONGXIN/nscscc2023_mips_v2.0/fpga_template_mips_utf8_v1.0/thinpad_top.srcs/sources_1/openmips/ctrl.v'.
CRITICAL WARNING: [Project 1-19] Could not find the file 'E:/LONGXIN/nscscc2023_mips_v2.0/fpga_template_mips_utf8_v1.0/thinpad_top.srcs/sources_1/openmips/ex.v'.
CRITICAL WARNING: [Project 1-19] Could not find the file 'E:/LONGXIN/nscscc2023_mips_v2.0/fpga_template_mips_utf8_v1.0/thinpad_top.srcs/sources_1/openmips/ex_mem.v'.
CRITICAL WARNING: [Project 1-19] Could not find the file 'E:/LONGXIN/nscscc2023_mips_v2.0/fpga_template_mips_utf8_v1.0/thinpad_top.srcs/sources_1/openmips/id.v'.
CRITICAL WARNING: [Project 1-19] Could not find the file 'E:/LONGXIN/nscscc2023_mips_v2.0/fpga_template_mips_utf8_v1.0/thinpad_top.srcs/sources_1/openmips/id_ex.v'.
CRITICAL WARNING: [Project 1-19] Could not find the file 'E:/LONGXIN/nscscc2023_mips_v2.0/fpga_template_mips_utf8_v1.0/thinpad_top.srcs/sources_1/openmips/if_id.v'.
CRITICAL WARNING: [Project 1-19] Could not find the file 'E:/LONGXIN/nscscc2023_mips_v2.0/fpga_template_mips_utf8_v1.0/thinpad_top.srcs/sources_1/openmips/mem.v'.
CRITICAL WARNING: [Project 1-19] Could not find the file 'E:/LONGXIN/nscscc2023_mips_v2.0/fpga_template_mips_utf8_v1.0/thinpad_top.srcs/sources_1/openmips/mem_wb.v'.
CRITICAL WARNING: [Project 1-19] Could not find the file 'E:/LONGXIN/nscscc2023_mips_v2.0/fpga_template_mips_utf8_v1.0/thinpad_top.srcs/sources_1/openmips/pc_reg.v'.
CRITICAL WARNING: [Project 1-19] Could not find the file 'E:/LONGXIN/nscscc2023_mips_v2.0/fpga_template_mips_utf8_v1.0/thinpad_top.srcs/sources_1/openmips/regfile.v'.
CRITICAL WARNING: [Project 1-19] Could not find the file 'E:/LONGXIN/nscscc2023_mips_v2.0/fpga_template_mips_utf8_v1.0/thinpad_top.srcs/sources_1/openmips/sram_check.v'.
CRITICAL WARNING: [Project 1-19] Could not find the file 'E:/LONGXIN/nscscc2023_mips_v2.0/fpga_template_mips_utf8_v1.0/thinpad_top.srcs/sources_1/openmips/sram_ctrl_double_try.v'.
CRITICAL WARNING: [Project 1-19] Could not find the file 'E:/LONGXIN/nscscc2023_mips_v2.0/fpga_template_mips_utf8_v1.0/thinpad_top.srcs/sources_1/openmips/trymips.v'.
CRITICAL WARNING: [Project 1-19] Could not find the file 'E:/LONGXIN/nscscc2023_mips_v2.0/fpga_template_mips_utf8_v1.0/thinpad_top.srcs/sources_1/openmips/sram_ctrl.v'.
Scanning sources...
Finished scanning sources
INFO: [IP_Flow 19-234] Refreshing IP repositories
INFO: [IP_Flow 19-1704] No user IP repositories specified
INFO: [IP_Flow 19-2313] Loaded Vivado IP repository 'E:/Vivado/Vivado/2019.2/data/ip'.
open_project: Time (s): cpu = 00:00:10 ; elapsed = 00:00:05 . Memory (MB): peak = 780.613 ; gain = 116.539
update_compile_order -fileset sources_1
open_hw_manager
INFO: [Labtools 27-2285] Connecting to hw_server url TCP:58.213.25.72:18013
INFO: [Labtools 27-3415] Connecting to cs_server url TCP:localhost:3042
INFO: [Labtools 27-3417] Launching cs_server...
INFO: [Labtools 27-2221] Launch Output:


****** Xilinx cs_server v2019.2.0
  **** Build date : Nov 07 2019-13:28:22
    ** Copyright 2017-2019 Xilinx, Inc. All Rights Reserved.



connect_hw_server: Time (s): cpu = 00:00:01 ; elapsed = 00:00:05 . Memory (MB): peak = 904.512 ; gain = 0.000
connect_hw_server -url 58.213.25.72:18013 -allow_non_jtag
INFO: [Labtools 27-2285] Connecting to hw_server url TCP:58.213.25.72:18013
INFO: [Labtools 27-3415] Connecting to cs_server url TCP:localhost:3042
INFO: [Labtools 27-3414] Connected to existing cs_server.
current_hw_target [get_hw_targets */xilinx_tcf/Xilinx/10.2.254.11:2542]
set_property PARAM.FREQUENCY 10000000 [get_hw_targets */xilinx_tcf/Xilinx/10.2.254.11:2542]
open_hw_target
INFO: [Labtoolstcl 44-466] Opening hw_target 58.213.25.72:18013/xilinx_tcf/Xilinx/10.2.254.11:2542
set_property PROGRAM.FILE {E:/LONGXIN/nscscc2023_mips_v2.0/fpga_template_mips_utf8_v1.0/thinpad_top.runs/impl_1/thinpad_top.bit} [get_hw_devices xc7a200t_0]
set_property PROBES.FILE {E:/LONGXIN/nscscc2023_mips_v2.0/fpga_template_mips_utf8_v1.0/thinpad_top.runs/impl_1/thinpad_top.ltx} [get_hw_devices xc7a200t_0]
set_property FULL_PROBES.FILE {E:/LONGXIN/nscscc2023_mips_v2.0/fpga_template_mips_utf8_v1.0/thinpad_top.runs/impl_1/thinpad_top.ltx} [get_hw_devices xc7a200t_0]
current_hw_device [get_hw_devices xc7a200t_0]
refresh_hw_device [lindex [get_hw_devices xc7a200t_0] 0]
INFO: [Labtools 27-2302] Device xc7a200t (JTAG device index = 0) is programmed with a design that has 1 ILA core(s).
display_hw_ila_data [ get_hw_ila_data hw_ila_data_1 -of_objects [get_hw_ilas -of_objects [get_hw_devices xc7a200t_0] -filter {CELL_NAME=~"u_ila_0"}]]
WARNING: Simulation object sram_ctrl_0/ext_uart_busy was not found in the design.
WARNING: Simulation object sram_ctrl_0/trance_empty was not found in the design.
WARNING: Simulation object sram_ctrl_0/base_ram_addr was not found in the design.
WARNING: Simulation object sram_ctrl_0/rxd was not found in the design.
WARNING: Simulation object sram_ctrl_0/txd was not found in the design.
WARNING: Simulation object sram_ctrl_0/mem_data_i was not found in the design.
WARNING: Simulation object sram_ctrl_0/mem_addr_i was not found in the design.
WARNING: Simulation object sram_ctrl_0/ram_data_o was not found in the design.
WARNING: Simulation object sram_ctrl_0/ext_uart_busy was not found in the design.
WARNING: Simulation object sram_ctrl_0/ext_uart_ready was not found in the design.
WARNING: Simulation object sram_ctrl_0/mem_we_n was not found in the design.
WARNING: Simulation object sram_ctrl_0/ext_uart_clear was not found in the design.
WARNING: Simulation object sram_ctrl_0/ext_ram_we_n was not found in the design.
WARNING: Simulation object sram_ctrl_0/ext_ram_oe_n was not found in the design.
WARNING: Simulation object sram_ctrl_0/mem_ce_i was not found in the design.
WARNING: Simulation object sram_ctrl_0/ext_uart_rx was not found in the design.
WARNING: Simulation object sram_ctrl_0/ext_ram_be_n was not found in the design.
WARNING: Simulation object sram_ctrl_0/ext_uart_tx was not found in the design.
WARNING: Simulation object sram_ctrl_0/ext_ram_addr was not found in the design.
WARNING: Simulation object sram_ctrl_0/base_ram_be_n was not found in the design.
WARNING: Simulation object sram_ctrl_0/base_ram_o was not found in the design.
WARNING: Simulation object sram_ctrl_0/mem_addr_i was not found in the design.
WARNING: Simulation object sram_ctrl_0/ext_uart_rx was not found in the design.
WARNING: Simulation object sram_ctrl_0/mem_sel_n was not found in the design.
WARNING: Simulation object sram_ctrl_0/base_ram_oe_n was not found in the design.
WARNING: Simulation object sram_ctrl_0/base_ram_we_n was not found in the design.
WARNING: Simulation object sram_ctrl_0/rxd was not found in the design.
WARNING: Simulation object sram_ctrl_0/trance_data was not found in the design.
WARNING: Simulation object sram_ctrl_0/trance_din was not found in the design.
WARNING: Simulation object sram_ctrl_0/trance_empty was not found in the design.
WARNING: Simulation object sram_ctrl_0/trance_full was not found in the design.
WARNING: Simulation object sram_ctrl_0/trance_rd_en was not found in the design.
WARNING: Simulation object sram_ctrl_0/trance_start was not found in the design.
WARNING: Simulation object sram_ctrl_0/trance_wr_en was not found in the design.
WARNING: Simulation object sram_ctrl_0/ext_uart_tx was not found in the design.
ERROR: [Labtoolstcl 44-513] HW Target shutdown. Closing target: 58.213.25.72:18013/xilinx_tcf/Xilinx/10.2.254.11:2542
launch_simulation
Command: launch_simulation 
boost::filesystem::remove: 另一个程序正在使用此文件，进程无法访问。: "E:/LONGXIN/nscscc2023_mips_v2.0/fpga_template_mips_utf8_v1.0/thinpad_top.sim/sim_1/behav/xsim/simulate.log"
launch_simulation
Command: launch_simulation 
boost::filesystem::remove: 另一个程序正在使用此文件，进程无法访问。: "E:/LONGXIN/nscscc2023_mips_v2.0/fpga_template_mips_utf8_v1.0/thinpad_top.sim/sim_1/behav/xsim/simulate.log"
launch_simulation
Command: launch_simulation 
boost::filesystem::remove: 另一个程序正在使用此文件，进程无法访问。: "E:/LONGXIN/nscscc2023_mips_v2.0/fpga_template_mips_utf8_v1.0/thinpad_top.sim/sim_1/behav/xsim/simulate.log"
launch_simulation
Command: launch_simulation 
boost::filesystem::remove: 另一个程序正在使用此文件，进程无法访问。: "E:/LONGXIN/nscscc2023_mips_v2.0/fpga_template_mips_utf8_v1.0/thinpad_top.sim/sim_1/behav/xsim/simulate.log"
launch_simulation
Command: launch_simulation 
boost::filesystem::remove: 另一个程序正在使用此文件，进程无法访问。: "E:/LONGXIN/nscscc2023_mips_v2.0/fpga_template_mips_utf8_v1.0/thinpad_top.sim/sim_1/behav/xsim/simulate.log"
exit
INFO: [Common 17-206] Exiting Vivado at Sat Aug  5 17:11:45 2023...
