Vivado Simulator 2019.2
Time resolution is 1 ps
[        0 ns]  --- Device is Busy  (start up time) --- 
WARNING: Insufficient data from the input file for $fread
BaseRAM Init Size(words):       16396
WARNING: Insufficient data from the input file for $fread
ExtRAM Init Size(words):       65536
Note: Actual FIFO Depth = 32772
Time: 0 ps  Iteration: 0
Note: Actual FIFO Depth = 32772
Time: 0 ps  Iteration: 0
Note:  DEPTH = 8192 WIDTH = 4 C_RD_PRIM_WIDTH = 4 C_RD_PRIM_DEPTH = 8192 DEEP = 4 WIDE = 2
Time: 0 ps  Iteration: 0
Note: Actual FIFO Depth = 32772
Time: 0 ps  Iteration: 0
Note: Actual FIFO Depth = 32772
Time: 0 ps  Iteration: 0
Note:  DEPTH = 8192 WIDTH = 4 C_RD_PRIM_WIDTH = 4 C_RD_PRIM_DEPTH = 8192 DEEP = 4 WIDE = 2
Time: 0 ps  Iteration: 0
[        0 ns]  ASynchronous Read Mode
[        0 ns]  VDD Voltage is OK
[        0 ns]  VDDQ Voltage is OK
[        0 ns] Inizialize the Memory to default value
WARNING: file /tmp/kernel.elf could not be opened
[        0 ns] Warning: File: /tmp/kernel.elf not found
[       60 ns]  --- Device is Ready (end of start-up time) --- 
