#-----------------------------------------------------------
# Vivado v2019.2 (64-bit)
# SW Build 2708876 on Wed Nov  6 21:40:23 MST 2019
# IP Build 2700528 on Thu Nov  7 00:09:20 MST 2019
# Start of session at: Wed Jul 12 23:18:56 2023
# Process ID: 22448
# Current directory: E:/LONGXIN/nscscc2023_mips_v2.0/fpga_template_mips_utf8_v1.0/thinpad_top.sim/sim_1/behav/xsim
# Command line: vivado.exe -gui_launcher_event rodinguilauncherevent21696 E:\LONGXIN\nscscc2023_mips_v2.0\fpga_template_mips_utf8_v1.0\thinpad_top.sim\sim_1\behav\xsim\tb_behav.wdb
# Log file: E:/LONGXIN/nscscc2023_mips_v2.0/fpga_template_mips_utf8_v1.0/thinpad_top.sim/sim_1/behav/xsim/vivado.log
# Journal file: E:/LONGXIN/nscscc2023_mips_v2.0/fpga_template_mips_utf8_v1.0/thinpad_top.sim/sim_1/behav/xsim\vivado.jou
#-----------------------------------------------------------
start_gui
open_wave_database {E:\LONGXIN\nscscc2023_mips_v2.0\fpga_template_mips_utf8_v1.0\thinpad_top.sim\sim_1\behav\xsim\tb_behav.wdb}
INFO: [IP_Flow 19-234] Refreshing IP repositories
INFO: [IP_Flow 19-1704] No user IP repositories specified
INFO: [IP_Flow 19-2313] Loaded Vivado IP repository 'E:/Vivado/Vivado/2019.2/data/ip'.
close_sim
INFO: [Simtcl 6-16] Simulation closed
exit
INFO: [Common 17-206] Exiting Vivado at Wed Jul 12 23:19:33 2023...
